<?xml version="1.0" encoding="UTF-8"?>
<coverage generated="1645901452528" clover="3.2.0">
  <project timestamp="1645901452528" name="All files">
    <metrics statements="137" coveredstatements="92" conditionals="22" coveredconditionals="21" methods="8" coveredmethods="4" elements="167" coveredelements="117" complexity="0" loc="137" ncloc="137" packages="1" files="3" classes="3"/>
    <file name="index.js" path="/Users/19058355/Documents/playground/coursera-dnq/index.js">
      <metrics statements="26" coveredstatements="19" conditionals="2" coveredconditionals="2" methods="2" coveredmethods="1"/>
      <line num="1" count="1" type="stmt"/>
      <line num="2" count="1" type="stmt"/>
      <line num="3" count="1" type="stmt"/>
      <line num="4" count="1" type="stmt"/>
      <line num="5" count="1" type="stmt"/>
      <line num="6" count="1" type="stmt"/>
      <line num="7" count="1" type="stmt"/>
      <line num="8" count="1" type="stmt"/>
      <line num="9" count="1" type="stmt"/>
      <line num="10" count="1" type="cond" truecount="1" falsecount="0"/>
      <line num="11" count="8" type="stmt"/>
      <line num="12" count="8" type="cond" truecount="1" falsecount="0"/>
      <line num="13" count="8" type="stmt"/>
      <line num="14" count="8" type="stmt"/>
      <line num="15" count="8" type="stmt"/>
      <line num="16" count="1" type="stmt"/>
      <line num="17" count="1" type="stmt"/>
      <line num="18" count="0" type="stmt"/>
      <line num="19" count="0" type="stmt"/>
      <line num="20" count="0" type="stmt"/>
      <line num="21" count="0" type="stmt"/>
      <line num="22" count="0" type="stmt"/>
      <line num="23" count="0" type="stmt"/>
      <line num="24" count="0" type="stmt"/>
      <line num="25" count="1" type="stmt"/>
      <line num="26" count="1" type="stmt"/>
    </file>
    <file name="inversions.js" path="/Users/19058355/Documents/playground/coursera-dnq/inversions.js">
      <metrics statements="32" coveredstatements="5" conditionals="0" coveredconditionals="0" methods="2" coveredmethods="0"/>
      <line num="1" count="1" type="stmt"/>
      <line num="2" count="0" type="stmt"/>
      <line num="3" count="0" type="stmt"/>
      <line num="4" count="0" type="stmt"/>
      <line num="5" count="0" type="stmt"/>
      <line num="6" count="0" type="stmt"/>
      <line num="7" count="0" type="stmt"/>
      <line num="8" count="0" type="stmt"/>
      <line num="9" count="0" type="stmt"/>
      <line num="10" count="0" type="stmt"/>
      <line num="11" count="0" type="stmt"/>
      <line num="12" count="0" type="stmt"/>
      <line num="13" count="0" type="stmt"/>
      <line num="14" count="0" type="stmt"/>
      <line num="15" count="0" type="stmt"/>
      <line num="16" count="0" type="stmt"/>
      <line num="17" count="0" type="stmt"/>
      <line num="18" count="0" type="stmt"/>
      <line num="19" count="0" type="stmt"/>
      <line num="20" count="1" type="stmt"/>
      <line num="21" count="1" type="stmt"/>
      <line num="22" count="0" type="stmt"/>
      <line num="23" count="0" type="stmt"/>
      <line num="24" count="0" type="stmt"/>
      <line num="25" count="0" type="stmt"/>
      <line num="26" count="0" type="stmt"/>
      <line num="27" count="0" type="stmt"/>
      <line num="28" count="0" type="stmt"/>
      <line num="29" count="0" type="stmt"/>
      <line num="30" count="0" type="stmt"/>
      <line num="31" count="1" type="stmt"/>
      <line num="32" count="1" type="stmt"/>
    </file>
    <file name="quicksort.js" path="/Users/19058355/Documents/playground/coursera-dnq/quicksort.js">
      <metrics statements="79" coveredstatements="68" conditionals="20" coveredconditionals="19" methods="4" coveredmethods="3"/>
      <line num="1" count="1" type="stmt"/>
      <line num="2" count="1" type="stmt"/>
      <line num="3" count="1" type="stmt"/>
      <line num="4" count="1" type="stmt"/>
      <line num="5" count="1" type="stmt"/>
      <line num="6" count="1" type="stmt"/>
      <line num="7" count="1" type="stmt"/>
      <line num="8" count="1" type="stmt"/>
      <line num="9" count="1" type="stmt"/>
      <line num="10" count="1" type="stmt"/>
      <line num="11" count="1" type="stmt"/>
      <line num="12" count="1" type="cond" truecount="1" falsecount="0"/>
      <line num="13" count="199176" type="stmt"/>
      <line num="14" count="199176" type="stmt"/>
      <line num="15" count="199176" type="cond" truecount="1" falsecount="0"/>
      <line num="16" count="5998617" type="cond" truecount="1" falsecount="0"/>
      <line num="17" count="2963801" type="stmt"/>
      <line num="18" count="2963801" type="stmt"/>
      <line num="19" count="2963801" type="stmt"/>
      <line num="20" count="5998617" type="stmt"/>
      <line num="21" count="199176" type="stmt"/>
      <line num="22" count="199176" type="stmt"/>
      <line num="23" count="199176" type="stmt"/>
      <line num="24" count="199176" type="stmt"/>
      <line num="25" count="1" type="stmt"/>
      <line num="26" count="1" type="cond" truecount="1" falsecount="0"/>
      <line num="27" count="199176" type="stmt"/>
      <line num="28" count="199176" type="cond" truecount="2" falsecount="0"/>
      <line num="29" count="199176" type="cond" truecount="3" falsecount="0"/>
      <line num="30" count="199176" type="cond" truecount="2" falsecount="0"/>
      <line num="31" count="199176" type="cond" truecount="3" falsecount="0"/>
      <line num="32" count="199176" type="cond" truecount="2" falsecount="0"/>
      <line num="33" count="199176" type="cond" truecount="1" falsecount="1"/>
      <line num="34" count="0" type="stmt"/>
      <line num="35" count="0" type="stmt"/>
      <line num="36" count="1" type="stmt"/>
      <line num="37" count="1" type="stmt"/>
      <line num="38" count="1" type="stmt"/>
      <line num="39" count="1" type="stmt"/>
      <line num="40" count="1" type="stmt"/>
      <line num="41" count="1" type="stmt"/>
      <line num="42" count="1" type="stmt"/>
      <line num="43" count="1" type="stmt"/>
      <line num="44" count="1" type="stmt"/>
      <line num="45" count="1" type="stmt"/>
      <line num="46" count="1" type="stmt"/>
      <line num="47" count="1" type="stmt"/>
      <line num="48" count="1" type="cond" truecount="1" falsecount="0"/>
      <line num="49" count="398364" type="cond" truecount="1" falsecount="0"/>
      <line num="50" count="199188" type="stmt"/>
      <line num="51" count="199188" type="stmt"/>
      <line num="52" count="398364" type="stmt"/>
      <line num="53" count="398364" type="stmt"/>
      <line num="54" count="398364" type="stmt"/>
      <line num="55" count="398364" type="stmt"/>
      <line num="56" count="398364" type="stmt"/>
      <line num="57" count="398364" type="stmt"/>
      <line num="58" count="398364" type="stmt"/>
      <line num="59" count="398364" type="stmt"/>
      <line num="60" count="398364" type="stmt"/>
      <line num="61" count="398364" type="stmt"/>
      <line num="62" count="398364" type="stmt"/>
      <line num="63" count="1" type="stmt"/>
      <line num="64" count="1" type="stmt"/>
      <line num="65" count="1" type="stmt"/>
      <line num="66" count="1" type="stmt"/>
      <line num="67" count="1" type="stmt"/>
      <line num="68" count="1" type="stmt"/>
      <line num="69" count="0" type="stmt"/>
      <line num="70" count="0" type="stmt"/>
      <line num="71" count="0" type="stmt"/>
      <line num="72" count="0" type="stmt"/>
      <line num="73" count="0" type="stmt"/>
      <line num="74" count="0" type="stmt"/>
      <line num="75" count="0" type="stmt"/>
      <line num="76" count="0" type="stmt"/>
      <line num="77" count="0" type="stmt"/>
      <line num="78" count="1" type="stmt"/>
      <line num="79" count="1" type="stmt"/>
    </file>
  </project>
</coverage>
