{"/Users/19058355/Documents/playground/coursera-dnq/index.js": {"path":"/Users/19058355/Documents/playground/coursera-dnq/index.js","all":false,"statementMap":{"0":{"start":{"line":1,"column":0},"end":{"line":1,"column":25}},"1":{"start":{"line":2,"column":0},"end":{"line":2,"column":29}},"2":{"start":{"line":3,"column":0},"end":{"line":3,"column":46}},"3":{"start":{"line":4,"column":0},"end":{"line":4,"column":0}},"4":{"start":{"line":5,"column":0},"end":{"line":5,"column":3}},"5":{"start":{"line":6,"column":0},"end":{"line":6,"column":39}},"6":{"start":{"line":7,"column":0},"end":{"line":7,"column":49}},"7":{"start":{"line":8,"column":0},"end":{"line":8,"column":43}},"8":{"start":{"line":9,"column":0},"end":{"line":9,"column":3}},"9":{"start":{"line":10,"column":0},"end":{"line":10,"column":33}},"10":{"start":{"line":11,"column":0},"end":{"line":11,"column":72}},"11":{"start":{"line":12,"column":0},"end":{"line":12,"column":68}},"12":{"start":{"line":13,"column":0},"end":{"line":13,"column":0}},"13":{"start":{"line":14,"column":0},"end":{"line":14,"column":15}},"14":{"start":{"line":15,"column":0},"end":{"line":15,"column":2}},"15":{"start":{"line":16,"column":0},"end":{"line":16,"column":0}},"16":{"start":{"line":17,"column":0},"end":{"line":17,"column":27}},"17":{"start":{"line":18,"column":0},"end":{"line":18,"column":39}},"18":{"start":{"line":19,"column":0},"end":{"line":19,"column":53}},"19":{"start":{"line":20,"column":0},"end":{"line":20,"column":0}},"20":{"start":{"line":21,"column":0},"end":{"line":21,"column":42}},"21":{"start":{"line":22,"column":0},"end":{"line":22,"column":50}},"22":{"start":{"line":23,"column":0},"end":{"line":23,"column":48}},"23":{"start":{"line":24,"column":0},"end":{"line":24,"column":2}},"24":{"start":{"line":25,"column":0},"end":{"line":25,"column":0}},"25":{"start":{"line":26,"column":0},"end":{"line":26,"column":31}}},"s":{"0":1,"1":1,"2":1,"3":1,"4":1,"5":1,"6":1,"7":1,"8":1,"9":1,"10":4,"11":4,"12":4,"13":4,"14":4,"15":1,"16":1,"17":0,"18":0,"19":0,"20":0,"21":0,"22":0,"23":0,"24":1,"25":1},"branchMap":{"0":{"type":"branch","line":10,"loc":{"start":{"line":10,"column":19},"end":{"line":15,"column":2}},"locations":[{"start":{"line":10,"column":19},"end":{"line":15,"column":2}}]},"1":{"type":"branch","line":12,"loc":{"start":{"line":12,"column":41},"end":{"line":12,"column":59}},"locations":[{"start":{"line":12,"column":41},"end":{"line":12,"column":59}}]}},"b":{"0":[4],"1":[23]},"fnMap":{"0":{"name":"readInput","decl":{"start":{"line":10,"column":19},"end":{"line":15,"column":2}},"loc":{"start":{"line":10,"column":19},"end":{"line":15,"column":2}},"line":10},"1":{"name":"assignment2","decl":{"start":{"line":17,"column":20},"end":{"line":24,"column":2}},"loc":{"start":{"line":17,"column":20},"end":{"line":24,"column":2}},"line":17}},"f":{"0":4,"1":0}}
,"/Users/19058355/Documents/playground/coursera-dnq/inversions.js": {"path":"/Users/19058355/Documents/playground/coursera-dnq/inversions.js","all":false,"statementMap":{"0":{"start":{"line":1,"column":0},"end":{"line":1,"column":58}},"1":{"start":{"line":2,"column":0},"end":{"line":2,"column":12}},"2":{"start":{"line":3,"column":0},"end":{"line":3,"column":12}},"3":{"start":{"line":4,"column":0},"end":{"line":4,"column":25}},"4":{"start":{"line":5,"column":0},"end":{"line":5,"column":35}},"5":{"start":{"line":6,"column":0},"end":{"line":6,"column":0}},"6":{"start":{"line":7,"column":0},"end":{"line":7,"column":66}},"7":{"start":{"line":8,"column":0},"end":{"line":8,"column":57}},"8":{"start":{"line":9,"column":0},"end":{"line":9,"column":36}},"9":{"start":{"line":10,"column":0},"end":{"line":10,"column":10}},"10":{"start":{"line":11,"column":0},"end":{"line":11,"column":12}},"11":{"start":{"line":12,"column":0},"end":{"line":12,"column":37}},"12":{"start":{"line":13,"column":0},"end":{"line":13,"column":10}},"13":{"start":{"line":14,"column":0},"end":{"line":14,"column":48}},"14":{"start":{"line":15,"column":0},"end":{"line":15,"column":5}},"15":{"start":{"line":16,"column":0},"end":{"line":16,"column":3}},"16":{"start":{"line":17,"column":0},"end":{"line":17,"column":0}},"17":{"start":{"line":18,"column":0},"end":{"line":18,"column":40}},"18":{"start":{"line":19,"column":0},"end":{"line":19,"column":2}},"19":{"start":{"line":20,"column":0},"end":{"line":20,"column":0}},"20":{"start":{"line":21,"column":0},"end":{"line":21,"column":46}},"21":{"start":{"line":22,"column":0},"end":{"line":22,"column":44}},"22":{"start":{"line":23,"column":0},"end":{"line":23,"column":0}},"23":{"start":{"line":24,"column":0},"end":{"line":24,"column":51}},"24":{"start":{"line":25,"column":0},"end":{"line":25,"column":0}},"25":{"start":{"line":26,"column":0},"end":{"line":26,"column":77}},"26":{"start":{"line":27,"column":0},"end":{"line":27,"column":76}},"27":{"start":{"line":28,"column":0},"end":{"line":28,"column":0}},"28":{"start":{"line":29,"column":0},"end":{"line":29,"column":75}},"29":{"start":{"line":30,"column":0},"end":{"line":30,"column":2}},"30":{"start":{"line":31,"column":0},"end":{"line":31,"column":0}},"31":{"start":{"line":32,"column":0},"end":{"line":32,"column":38}}},"s":{"0":1,"1":0,"2":0,"3":0,"4":0,"5":0,"6":0,"7":0,"8":0,"9":0,"10":0,"11":0,"12":0,"13":0,"14":0,"15":0,"16":0,"17":0,"18":0,"19":1,"20":1,"21":0,"22":0,"23":0,"24":0,"25":0,"26":0,"27":0,"28":0,"29":0,"30":1,"31":1},"branchMap":{},"b":{},"fnMap":{"0":{"name":"merge","decl":{"start":{"line":1,"column":14},"end":{"line":19,"column":2}},"loc":{"start":{"line":1,"column":14},"end":{"line":19,"column":2}},"line":1},"1":{"name":"mergeSort","decl":{"start":{"line":21,"column":18},"end":{"line":30,"column":2}},"loc":{"start":{"line":21,"column":18},"end":{"line":30,"column":2}},"line":21}},"f":{"0":0,"1":0}}
,"/Users/19058355/Documents/playground/coursera-dnq/quicksort.js": {"path":"/Users/19058355/Documents/playground/coursera-dnq/quicksort.js","all":false,"statementMap":{"0":{"start":{"line":1,"column":0},"end":{"line":1,"column":46}},"1":{"start":{"line":2,"column":0},"end":{"line":2,"column":35}},"2":{"start":{"line":3,"column":0},"end":{"line":3,"column":0}},"3":{"start":{"line":4,"column":0},"end":{"line":4,"column":36}},"4":{"start":{"line":5,"column":0},"end":{"line":5,"column":25}},"5":{"start":{"line":6,"column":0},"end":{"line":6,"column":16}},"6":{"start":{"line":7,"column":0},"end":{"line":7,"column":36}},"7":{"start":{"line":8,"column":0},"end":{"line":8,"column":27}},"8":{"start":{"line":9,"column":0},"end":{"line":9,"column":50}},"9":{"start":{"line":10,"column":0},"end":{"line":10,"column":10}},"10":{"start":{"line":11,"column":0},"end":{"line":11,"column":5}},"11":{"start":{"line":12,"column":0},"end":{"line":12,"column":3}},"12":{"start":{"line":13,"column":0},"end":{"line":13,"column":54}},"13":{"start":{"line":14,"column":0},"end":{"line":14,"column":0}},"14":{"start":{"line":15,"column":0},"end":{"line":15,"column":15}},"15":{"start":{"line":16,"column":0},"end":{"line":16,"column":2}},"16":{"start":{"line":17,"column":0},"end":{"line":17,"column":0}},"17":{"start":{"line":18,"column":0},"end":{"line":18,"column":44}},"18":{"start":{"line":19,"column":0},"end":{"line":19,"column":36}},"19":{"start":{"line":20,"column":0},"end":{"line":20,"column":52}},"20":{"start":{"line":21,"column":0},"end":{"line":21,"column":71}},"21":{"start":{"line":22,"column":0},"end":{"line":22,"column":52}},"22":{"start":{"line":23,"column":0},"end":{"line":23,"column":71}},"23":{"start":{"line":24,"column":0},"end":{"line":24,"column":52}},"24":{"start":{"line":25,"column":0},"end":{"line":25,"column":71}},"25":{"start":{"line":26,"column":0},"end":{"line":26,"column":18}},"26":{"start":{"line":27,"column":0},"end":{"line":27,"column":2}},"27":{"start":{"line":28,"column":0},"end":{"line":28,"column":0}},"28":{"start":{"line":29,"column":0},"end":{"line":29,"column":3}},"29":{"start":{"line":30,"column":0},"end":{"line":30,"column":47}},"30":{"start":{"line":31,"column":0},"end":{"line":31,"column":2}},"31":{"start":{"line":32,"column":0},"end":{"line":32,"column":64}},"32":{"start":{"line":33,"column":0},"end":{"line":33,"column":34}},"33":{"start":{"line":34,"column":0},"end":{"line":34,"column":33}},"34":{"start":{"line":35,"column":0},"end":{"line":35,"column":97}},"35":{"start":{"line":36,"column":0},"end":{"line":36,"column":58}},"36":{"start":{"line":37,"column":0},"end":{"line":37,"column":2}},"37":{"start":{"line":38,"column":0},"end":{"line":38,"column":29}},"38":{"start":{"line":39,"column":0},"end":{"line":39,"column":3}},"39":{"start":{"line":40,"column":0},"end":{"line":40,"column":70}},"40":{"start":{"line":41,"column":0},"end":{"line":41,"column":15}},"41":{"start":{"line":42,"column":0},"end":{"line":42,"column":23}},"42":{"start":{"line":43,"column":0},"end":{"line":43,"column":3}},"43":{"start":{"line":44,"column":0},"end":{"line":44,"column":62}},"44":{"start":{"line":45,"column":0},"end":{"line":45,"column":42}},"45":{"start":{"line":46,"column":0},"end":{"line":46,"column":56}},"46":{"start":{"line":47,"column":0},"end":{"line":47,"column":35}},"47":{"start":{"line":48,"column":0},"end":{"line":48,"column":78}},"48":{"start":{"line":49,"column":0},"end":{"line":49,"column":79}},"49":{"start":{"line":50,"column":0},"end":{"line":50,"column":0}},"50":{"start":{"line":51,"column":0},"end":{"line":51,"column":64}},"51":{"start":{"line":52,"column":0},"end":{"line":52,"column":2}},"52":{"start":{"line":53,"column":0},"end":{"line":53,"column":0}},"53":{"start":{"line":54,"column":0},"end":{"line":54,"column":61}},"54":{"start":{"line":55,"column":0},"end":{"line":55,"column":0}},"55":{"start":{"line":56,"column":0},"end":{"line":56,"column":50}},"56":{"start":{"line":57,"column":0},"end":{"line":57,"column":31}},"57":{"start":{"line":58,"column":0},"end":{"line":58,"column":0}},"58":{"start":{"line":59,"column":0},"end":{"line":59,"column":59}},"59":{"start":{"line":60,"column":0},"end":{"line":60,"column":38}},"60":{"start":{"line":61,"column":0},"end":{"line":61,"column":0}},"61":{"start":{"line":62,"column":0},"end":{"line":62,"column":74}},"62":{"start":{"line":63,"column":0},"end":{"line":63,"column":40}}},"s":{"0":1,"1":1,"2":1,"3":1,"4":31,"5":31,"6":31,"7":114,"8":41,"9":41,"10":41,"11":114,"12":31,"13":31,"14":31,"15":31,"16":1,"17":1,"18":31,"19":31,"20":31,"21":31,"22":31,"23":31,"24":31,"25":0,"26":0,"27":1,"28":1,"29":1,"30":1,"31":1,"32":1,"33":1,"34":1,"35":1,"36":1,"37":1,"38":1,"39":1,"40":68,"41":37,"42":37,"43":68,"44":68,"45":68,"46":68,"47":68,"48":68,"49":68,"50":68,"51":68,"52":1,"53":1,"54":1,"55":1,"56":1,"57":1,"58":1,"59":1,"60":1,"61":1,"62":1},"branchMap":{"0":{"type":"branch","line":4,"loc":{"start":{"line":4,"column":18},"end":{"line":16,"column":2}},"locations":[{"start":{"line":4,"column":18},"end":{"line":16,"column":2}}]},"1":{"type":"branch","line":7,"loc":{"start":{"line":7,"column":35},"end":{"line":12,"column":3}},"locations":[{"start":{"line":7,"column":35},"end":{"line":12,"column":3}}]},"2":{"type":"branch","line":8,"loc":{"start":{"line":8,"column":26},"end":{"line":11,"column":5}},"locations":[{"start":{"line":8,"column":26},"end":{"line":11,"column":5}}]},"3":{"type":"branch","line":18,"loc":{"start":{"line":18,"column":26},"end":{"line":27,"column":2}},"locations":[{"start":{"line":18,"column":26},"end":{"line":27,"column":2}}]},"4":{"type":"branch","line":20,"loc":{"start":{"line":20,"column":7},"end":{"line":20,"column":49}},"locations":[{"start":{"line":20,"column":7},"end":{"line":20,"column":49}}]},"5":{"type":"branch","line":20,"loc":{"start":{"line":20,"column":6},"end":{"line":21,"column":50}},"locations":[{"start":{"line":20,"column":6},"end":{"line":21,"column":50}}]},"6":{"type":"branch","line":21,"loc":{"start":{"line":21,"column":8},"end":{"line":21,"column":50}},"locations":[{"start":{"line":21,"column":8},"end":{"line":21,"column":50}}]},"7":{"type":"branch","line":21,"loc":{"start":{"line":21,"column":55},"end":{"line":21,"column":62}},"locations":[{"start":{"line":21,"column":55},"end":{"line":21,"column":62}}]},"8":{"type":"branch","line":21,"loc":{"start":{"line":21,"column":55},"end":{"line":22,"column":12}},"locations":[{"start":{"line":21,"column":55},"end":{"line":22,"column":12}}]},"9":{"type":"branch","line":22,"loc":{"start":{"line":22,"column":7},"end":{"line":22,"column":49}},"locations":[{"start":{"line":22,"column":7},"end":{"line":22,"column":49}}]},"10":{"type":"branch","line":22,"loc":{"start":{"line":22,"column":6},"end":{"line":23,"column":50}},"locations":[{"start":{"line":22,"column":6},"end":{"line":23,"column":50}}]},"11":{"type":"branch","line":23,"loc":{"start":{"line":23,"column":8},"end":{"line":23,"column":50}},"locations":[{"start":{"line":23,"column":8},"end":{"line":23,"column":50}}]},"12":{"type":"branch","line":23,"loc":{"start":{"line":23,"column":55},"end":{"line":23,"column":62}},"locations":[{"start":{"line":23,"column":55},"end":{"line":23,"column":62}}]},"13":{"type":"branch","line":23,"loc":{"start":{"line":23,"column":55},"end":{"line":24,"column":12}},"locations":[{"start":{"line":23,"column":55},"end":{"line":24,"column":12}}]},"14":{"type":"branch","line":24,"loc":{"start":{"line":24,"column":7},"end":{"line":24,"column":49}},"locations":[{"start":{"line":24,"column":7},"end":{"line":24,"column":49}}]},"15":{"type":"branch","line":24,"loc":{"start":{"line":24,"column":6},"end":{"line":25,"column":50}},"locations":[{"start":{"line":24,"column":6},"end":{"line":25,"column":50}}]},"16":{"type":"branch","line":25,"loc":{"start":{"line":25,"column":55},"end":{"line":25,"column":62}},"locations":[{"start":{"line":25,"column":55},"end":{"line":25,"column":62}}]},"17":{"type":"branch","line":25,"loc":{"start":{"line":25,"column":55},"end":{"line":27,"column":2}},"locations":[{"start":{"line":25,"column":55},"end":{"line":27,"column":2}}]},"18":{"type":"branch","line":40,"loc":{"start":{"line":40,"column":18},"end":{"line":52,"column":2}},"locations":[{"start":{"line":40,"column":18},"end":{"line":52,"column":2}}]},"19":{"type":"branch","line":41,"loc":{"start":{"line":41,"column":14},"end":{"line":43,"column":3}},"locations":[{"start":{"line":41,"column":14},"end":{"line":43,"column":3}}]}},"b":{"0":[31],"1":[114],"2":[41],"3":[31],"4":[9],"5":[29],"6":[12],"7":[8],"8":[23],"9":[9],"10":[21],"11":[17],"12":[12],"13":[11],"14":[7],"15":[4],"16":[11],"17":[0],"18":[68],"19":[37]},"fnMap":{"0":{"name":"partition","decl":{"start":{"line":4,"column":18},"end":{"line":16,"column":2}},"loc":{"start":{"line":4,"column":18},"end":{"line":16,"column":2}},"line":4},"1":{"name":"choosePivotMedian","decl":{"start":{"line":18,"column":26},"end":{"line":27,"column":2}},"loc":{"start":{"line":18,"column":26},"end":{"line":27,"column":2}},"line":18},"2":{"name":"quickSort","decl":{"start":{"line":40,"column":18},"end":{"line":52,"column":2}},"loc":{"start":{"line":40,"column":18},"end":{"line":52,"column":2}},"line":40}},"f":{"0":31,"1":31,"2":68}}
}
