TN:
SF:index.js
FN:10,readInput
FN:17,assignment2
FNF:2
FNH:1
FNDA:4,readInput
FNDA:0,assignment2
DA:1,1
DA:2,1
DA:3,1
DA:4,1
DA:5,1
DA:6,1
DA:7,1
DA:8,1
DA:9,1
DA:10,1
DA:11,4
DA:12,4
DA:13,4
DA:14,4
DA:15,4
DA:16,1
DA:17,1
DA:18,0
DA:19,0
DA:20,0
DA:21,0
DA:22,0
DA:23,0
DA:24,0
DA:25,1
DA:26,1
LF:26
LH:19
BRDA:10,0,0,4
BRDA:12,1,0,23
BRF:2
BRH:2
end_of_record
TN:
SF:inversions.js
FN:1,merge
FN:21,mergeSort
FNF:2
FNH:0
FNDA:0,merge
FNDA:0,mergeSort
DA:1,1
DA:2,0
DA:3,0
DA:4,0
DA:5,0
DA:6,0
DA:7,0
DA:8,0
DA:9,0
DA:10,0
DA:11,0
DA:12,0
DA:13,0
DA:14,0
DA:15,0
DA:16,0
DA:17,0
DA:18,0
DA:19,0
DA:20,1
DA:21,1
DA:22,0
DA:23,0
DA:24,0
DA:25,0
DA:26,0
DA:27,0
DA:28,0
DA:29,0
DA:30,0
DA:31,1
DA:32,1
LF:32
LH:5
BRF:0
BRH:0
end_of_record
TN:
SF:quicksort.js
FN:4,partition
FN:18,choosePivotMedian
FN:40,quickSort
FNF:3
FNH:3
FNDA:31,partition
FNDA:31,choosePivotMedian
FNDA:68,quickSort
DA:1,1
DA:2,1
DA:3,1
DA:4,1
DA:5,31
DA:6,31
DA:7,31
DA:8,114
DA:9,41
DA:10,41
DA:11,41
DA:12,114
DA:13,31
DA:14,31
DA:15,31
DA:16,31
DA:17,1
DA:18,1
DA:19,31
DA:20,31
DA:21,31
DA:22,31
DA:23,31
DA:24,31
DA:25,31
DA:26,0
DA:27,0
DA:28,1
DA:29,1
DA:30,1
DA:31,1
DA:32,1
DA:33,1
DA:34,1
DA:35,1
DA:36,1
DA:37,1
DA:38,1
DA:39,1
DA:40,1
DA:41,68
DA:42,37
DA:43,37
DA:44,68
DA:45,68
DA:46,68
DA:47,68
DA:48,68
DA:49,68
DA:50,68
DA:51,68
DA:52,68
DA:53,1
DA:54,1
DA:55,1
DA:56,1
DA:57,1
DA:58,1
DA:59,1
DA:60,1
DA:61,1
DA:62,1
DA:63,1
LF:63
LH:61
BRDA:4,0,0,31
BRDA:7,1,0,114
BRDA:8,2,0,41
BRDA:18,3,0,31
BRDA:20,4,0,9
BRDA:20,5,0,29
BRDA:21,6,0,12
BRDA:21,7,0,8
BRDA:21,8,0,23
BRDA:22,9,0,9
BRDA:22,10,0,21
BRDA:23,11,0,17
BRDA:23,12,0,12
BRDA:23,13,0,11
BRDA:24,14,0,7
BRDA:24,15,0,4
BRDA:25,16,0,11
BRDA:25,17,0,0
BRDA:40,18,0,68
BRDA:41,19,0,37
BRF:20
BRH:19
end_of_record
