TN:
SF:index.js
FN:10,readInput
FN:17,assignment2
FNF:2
FNH:0
FNDA:0,readInput
FNDA:0,assignment2
DA:1,1
DA:2,1
DA:3,1
DA:4,1
DA:5,1
DA:6,1
DA:7,1
DA:8,1
DA:9,1
DA:10,1
DA:11,0
DA:12,0
DA:13,0
DA:14,0
DA:15,0
DA:16,1
DA:17,1
DA:18,0
DA:19,0
DA:20,0
DA:21,0
DA:22,0
DA:23,0
DA:24,0
DA:25,1
DA:26,1
LF:26
LH:14
BRF:0
BRH:0
end_of_record
TN:
SF:inversions.js
FN:1,merge
FN:21,mergeSort
FNF:2
FNH:0
FNDA:0,merge
FNDA:0,mergeSort
DA:1,1
DA:2,0
DA:3,0
DA:4,0
DA:5,0
DA:6,0
DA:7,0
DA:8,0
DA:9,0
DA:10,0
DA:11,0
DA:12,0
DA:13,0
DA:14,0
DA:15,0
DA:16,0
DA:17,0
DA:18,0
DA:19,0
DA:20,1
DA:21,1
DA:22,0
DA:23,0
DA:24,0
DA:25,0
DA:26,0
DA:27,0
DA:28,0
DA:29,0
DA:30,0
DA:31,1
DA:32,1
LF:32
LH:5
BRF:0
BRH:0
end_of_record
TN:
SF:quicksort.js
FN:12,partition
FN:26,choosePivotMedian
FN:48,quickSort
FN:66,assignment3
FNF:4
FNH:1
FNDA:0,partition
FNDA:4,choosePivotMedian
FNDA:0,quickSort
FNDA:0,assignment3
DA:1,1
DA:2,1
DA:3,1
DA:4,1
DA:5,1
DA:6,1
DA:7,1
DA:8,1
DA:9,1
DA:10,1
DA:11,1
DA:12,1
DA:13,0
DA:14,0
DA:15,0
DA:16,0
DA:17,0
DA:18,0
DA:19,0
DA:20,0
DA:21,0
DA:22,0
DA:23,0
DA:24,0
DA:25,1
DA:26,1
DA:27,4
DA:28,4
DA:29,4
DA:30,4
DA:31,4
DA:32,4
DA:33,4
DA:34,0
DA:35,0
DA:36,1
DA:37,1
DA:38,1
DA:39,1
DA:40,1
DA:41,1
DA:42,1
DA:43,1
DA:44,1
DA:45,1
DA:46,1
DA:47,1
DA:48,1
DA:49,0
DA:50,0
DA:51,0
DA:52,0
DA:53,0
DA:54,0
DA:55,0
DA:56,0
DA:57,0
DA:58,0
DA:59,0
DA:60,0
DA:61,1
DA:62,1
DA:63,1
DA:64,1
DA:65,1
DA:66,1
DA:67,0
DA:68,0
DA:69,0
DA:70,0
DA:71,0
DA:72,0
DA:73,0
DA:74,0
DA:75,0
DA:76,1
DA:77,1
LF:77
LH:42
BRDA:26,0,0,4
BRDA:28,1,0,2
BRDA:28,2,0,3
BRDA:29,3,0,1
BRDA:29,4,0,2
BRDA:30,5,0,0
BRDA:31,6,0,2
BRDA:31,7,0,0
BRDA:32,8,0,0
BRDA:33,9,0,0
BRF:10
BRH:6
end_of_record
